E, [2016-07-28T12:16:35.434478 #35585] ERROR -- Kitchen: ------Exception-------
E, [2016-07-28T12:16:35.434587 #35585] ERROR -- Kitchen: Class: Kitchen::UserError
E, [2016-07-28T12:16:35.434610 #35585] ERROR -- Kitchen: Message: Kitchen YAML file /Users/nithyakalyanivelmurugan/Desktop/Hadlee/DevOps/Training/Chef-repo/.kitchen.yml does not exist.
E, [2016-07-28T12:16:35.434645 #35585] ERROR -- Kitchen: ----------------------
E, [2016-07-28T12:16:35.434659 #35585] ERROR -- Kitchen: ------Backtrace-------
E, [2016-07-28T12:16:35.434671 #35585] ERROR -- Kitchen: /opt/chefdk/embedded/lib/ruby/gems/2.1.0/gems/test-kitchen-1.10.2/lib/kitchen/loader/yaml.rb:74:in `read'
E, [2016-07-28T12:16:35.434684 #35585] ERROR -- Kitchen: /opt/chefdk/embedded/lib/ruby/gems/2.1.0/gems/test-kitchen-1.10.2/lib/kitchen/config.rb:154:in `data'
E, [2016-07-28T12:16:35.434697 #35585] ERROR -- Kitchen: /opt/chefdk/embedded/lib/ruby/gems/2.1.0/gems/test-kitchen-1.10.2/lib/kitchen/config.rb:133:in `suites'
E, [2016-07-28T12:16:35.434710 #35585] ERROR -- Kitchen: /opt/chefdk/embedded/lib/ruby/gems/2.1.0/gems/test-kitchen-1.10.2/lib/kitchen/config.rb:184:in `filter_instances'
E, [2016-07-28T12:16:35.434722 #35585] ERROR -- Kitchen: /opt/chefdk/embedded/lib/ruby/gems/2.1.0/gems/test-kitchen-1.10.2/lib/kitchen/config.rb:143:in `build_instances'
E, [2016-07-28T12:16:35.434734 #35585] ERROR -- Kitchen: /opt/chefdk/embedded/lib/ruby/gems/2.1.0/gems/test-kitchen-1.10.2/lib/kitchen/config.rb:119:in `instances'
E, [2016-07-28T12:16:35.434747 #35585] ERROR -- Kitchen: /opt/chefdk/embedded/lib/ruby/gems/2.1.0/gems/test-kitchen-1.10.2/lib/kitchen/command.rb:115:in `filtered_instances'
E, [2016-07-28T12:16:35.434759 #35585] ERROR -- Kitchen: /opt/chefdk/embedded/lib/ruby/gems/2.1.0/gems/test-kitchen-1.10.2/lib/kitchen/command.rb:145:in `parse_subcommand'
E, [2016-07-28T12:16:35.434771 #35585] ERROR -- Kitchen: /opt/chefdk/embedded/lib/ruby/gems/2.1.0/gems/test-kitchen-1.10.2/lib/kitchen/command/list.rb:32:in `call'
E, [2016-07-28T12:16:35.434784 #35585] ERROR -- Kitchen: /opt/chefdk/embedded/lib/ruby/gems/2.1.0/gems/test-kitchen-1.10.2/lib/kitchen/cli.rb:56:in `perform'
E, [2016-07-28T12:16:35.434796 #35585] ERROR -- Kitchen: /opt/chefdk/embedded/lib/ruby/gems/2.1.0/gems/test-kitchen-1.10.2/lib/kitchen/cli.rb:120:in `list'
E, [2016-07-28T12:16:35.434808 #35585] ERROR -- Kitchen: /opt/chefdk/embedded/lib/ruby/gems/2.1.0/gems/thor-0.19.1/lib/thor/command.rb:27:in `run'
E, [2016-07-28T12:16:35.434820 #35585] ERROR -- Kitchen: /opt/chefdk/embedded/lib/ruby/gems/2.1.0/gems/thor-0.19.1/lib/thor/invocation.rb:126:in `invoke_command'
E, [2016-07-28T12:16:35.434832 #35585] ERROR -- Kitchen: /opt/chefdk/embedded/lib/ruby/gems/2.1.0/gems/test-kitchen-1.10.2/lib/kitchen/cli.rb:325:in `invoke_task'
E, [2016-07-28T12:16:35.434844 #35585] ERROR -- Kitchen: /opt/chefdk/embedded/lib/ruby/gems/2.1.0/gems/thor-0.19.1/lib/thor.rb:359:in `dispatch'
E, [2016-07-28T12:16:35.434856 #35585] ERROR -- Kitchen: /opt/chefdk/embedded/lib/ruby/gems/2.1.0/gems/thor-0.19.1/lib/thor/base.rb:440:in `start'
E, [2016-07-28T12:16:35.434869 #35585] ERROR -- Kitchen: /opt/chefdk/embedded/lib/ruby/gems/2.1.0/gems/test-kitchen-1.10.2/bin/kitchen:13:in `block in <top (required)>'
E, [2016-07-28T12:16:35.434881 #35585] ERROR -- Kitchen: /opt/chefdk/embedded/lib/ruby/gems/2.1.0/gems/test-kitchen-1.10.2/lib/kitchen/errors.rb:174:in `with_friendly_errors'
E, [2016-07-28T12:16:35.434907 #35585] ERROR -- Kitchen: /opt/chefdk/embedded/lib/ruby/gems/2.1.0/gems/test-kitchen-1.10.2/bin/kitchen:13:in `<top (required)>'
E, [2016-07-28T12:16:35.434922 #35585] ERROR -- Kitchen: /usr/local/bin/kitchen:17:in `load'
E, [2016-07-28T12:16:35.434934 #35585] ERROR -- Kitchen: /usr/local/bin/kitchen:17:in `<main>'
E, [2016-07-28T12:16:35.434946 #35585] ERROR -- Kitchen: ----End Backtrace-----
